<?xml version="1.0" encoding="UTF-8"?>
<testsuite xmlns:xsi="http://www.w3.org/2001/XMLSchema-instance" xsi:noNamespaceSchemaLocation="https://maven.apache.org/surefire/maven-surefire-plugin/xsd/surefire-test-report-3.0.xsd" version="3.0" name="StepDefinations.TestRunner" time="0.555" tests="1" errors="1" skipped="0" failures="0">
  <properties>
[...]
</properties>
  <testcase name="Check Login is successfull with valid credentials" classname="feature to test login functionality" time="0.123">
    <error message="TODO: implement me" type="io.cucumber.java.PendingException"><![CDATA[io.cucumber.java.PendingException: TODO: implement me
	at StepDefinations.LoginSteps.clicks_on_login_page(LoginSteps.java:25)
	at ✽.clicks on login page(file:///C:/Users/anush/eclipse-workspace/CucumberJava/src/test/resources/Features/login.feature:8)
]]></error>
  </testcase>
</testsuite>